Copyright 1986-2020 Xilinx, Inc. All Rights Reserved.
--------------------------------------------------------------------------------------
| Tool Version : Vivado v.2020.2 (win64) Build 3064766 Wed Nov 18 09:12:45 MST 2020
| Date         : Fri Mar 28 10:12:15 2025
| Host         : PC-627 running 64-bit major release  (build 9200)
| Command      : report_control_sets -verbose -file top_level_control_sets_placed.rpt
| Design       : top_level
| Device       : xc7a50ti
--------------------------------------------------------------------------------------

Control Set Information

Table of Contents
-----------------
1. Summary
2. Histogram
3. Flip-Flop Distribution
4. Detailed Control Set Information

1. Summary
----------

+----------------------------------------------------------+-------+
|                          Status                          | Count |
+----------------------------------------------------------+-------+
| Total control sets                                       |     6 |
|    Minimum number of control sets                        |     6 |
|    Addition due to synthesis replication                 |     0 |
|    Addition due to physical synthesis replication        |     0 |
| Unused register locations in slices containing registers |    25 |
+----------------------------------------------------------+-------+
* Control sets can be merged at opt_design using control_set_merge or merge_equivalent_drivers
** Run report_qor_suggestions for automated merging and remapping suggestions


2. Histogram
------------

+--------------------+-------+
|       Fanout       | Count |
+--------------------+-------+
| Total control sets |     6 |
| >= 0 to < 4        |     3 |
| >= 4 to < 6        |     1 |
| >= 6 to < 8        |     0 |
| >= 8 to < 10       |     1 |
| >= 10 to < 12      |     0 |
| >= 12 to < 14      |     0 |
| >= 14 to < 16      |     1 |
| >= 16              |     0 |
+--------------------+-------+
* Control sets can be remapped at either synth_design or opt_design


3. Flip-Flop Distribution
-------------------------

+--------------+-----------------------+------------------------+-----------------+--------------+
| Clock Enable | Synchronous Set/Reset | Asynchronous Set/Reset | Total Registers | Total Slices |
+--------------+-----------------------+------------------------+-----------------+--------------+
| No           | No                    | No                     |               3 |            1 |
| No           | No                    | Yes                    |               0 |            0 |
| No           | Yes                   | No                     |              14 |            4 |
| Yes          | No                    | No                     |               8 |            2 |
| Yes          | No                    | Yes                    |               0 |            0 |
| Yes          | Yes                   | No                     |               6 |            3 |
+--------------+-----------------------+------------------------+-----------------+--------------+


4. Detailed Control Set Information
-----------------------------------

+----------------------+----------------------------------+---------------------------+------------------+----------------+--------------+
|     Clock Signal     |           Enable Signal          |      Set/Reset Signal     | Slice Load Count | Bel Load Count | Bels / Slice |
+----------------------+----------------------------------+---------------------------+------------------+----------------+--------------+
|  CLK100MHZ_IBUF_BUFG | uart/tx_done_i_1_n_0             | BTNC_IBUF                 |                1 |              1 |         1.00 |
|  CLK100MHZ_IBUF_BUFG | rate/sig_bau                     | BTNC_IBUF                 |                1 |              1 |         1.00 |
|  CLK100MHZ_IBUF_BUFG |                                  |                           |                1 |              3 |         3.00 |
|  CLK100MHZ_IBUF_BUFG | uart/FSM_onehot_state[3]_i_1_n_0 | BTNC_IBUF                 |                1 |              4 |         4.00 |
|  CLK100MHZ_IBUF_BUFG | uart/sig_reg[7]_i_1_n_0          |                           |                2 |              8 |         4.00 |
|  CLK100MHZ_IBUF_BUFG |                                  | rate/sig_count[0]_i_1_n_0 |                4 |             14 |         3.50 |
+----------------------+----------------------------------+---------------------------+------------------+----------------+--------------+


