Copyright 1986-2020 Xilinx, Inc. All Rights Reserved.
--------------------------------------------------------------------------------------------------------------------------------------------------------------------------------------------------
| Tool Version : Vivado v.2020.2 (win64) Build 3064766 Wed Nov 18 09:12:45 MST 2020
| Date         : Fri Mar 14 10:49:33 2025
| Host         : PC-627 running 64-bit major release  (build 9200)
| Command      : report_timing_summary -max_paths 10 -file top_level_timing_summary_routed.rpt -pb top_level_timing_summary_routed.pb -rpx top_level_timing_summary_routed.rpx -warn_on_violation
| Design       : top_level
| Device       : 7a50ti-csg324
| Speed File   : -1L  PRODUCTION 1.23 2018-06-13
--------------------------------------------------------------------------------------------------------------------------------------------------------------------------------------------------

Timing Summary Report

------------------------------------------------------------------------------------------------
| Timer Settings
| --------------
------------------------------------------------------------------------------------------------

  Enable Multi Corner Analysis               :  Yes
  Enable Pessimism Removal                   :  Yes
  Pessimism Removal Resolution               :  Nearest Common Node
  Enable Input Delay Default Clock           :  No
  Enable Preset / Clear Arcs                 :  No
  Disable Flight Delays                      :  No
  Ignore I/O Paths                           :  No
  Timing Early Launch at Borrowing Latches   :  No
  Borrow Time for Max Delay Exceptions       :  Yes
  Merge Timing Exceptions                    :  Yes

  Corner  Analyze    Analyze    
  Name    Max Paths  Min Paths  
  ------  ---------  ---------  
  Slow    Yes        Yes        
  Fast    Yes        Yes        



check_timing report

Table of Contents
-----------------
1. checking no_clock (0)
2. checking constant_clock (0)
3. checking pulse_width_clock (0)
4. checking unconstrained_internal_endpoints (0)
5. checking no_input_delay (1)
6. checking no_output_delay (7)
7. checking multiple_clock (0)
8. checking generated_clocks (0)
9. checking loops (0)
10. checking partial_input_delay (0)
11. checking partial_output_delay (0)
12. checking latch_loops (0)

1. checking no_clock (0)
------------------------
 There are 0 register/latch pins with no clock.


2. checking constant_clock (0)
------------------------------
 There are 0 register/latch pins with constant_clock.


3. checking pulse_width_clock (0)
---------------------------------
 There are 0 register/latch pins which need pulse_width check


4. checking unconstrained_internal_endpoints (0)
------------------------------------------------
 There are 0 pins that are not constrained for maximum delay.

 There are 0 pins that are not constrained for maximum delay due to constant clock.


5. checking no_input_delay (1)
------------------------------
 There is 1 input port with no input delay specified. (HIGH)

 There are 0 input ports with no input delay but user has a false path constraint.


6. checking no_output_delay (7)
-------------------------------
 There are 7 ports with no output delay specified. (HIGH)

 There are 0 ports with no output delay but user has a false path constraint

 There are 0 ports with no output delay but with a timing clock defined on it or propagating through it


7. checking multiple_clock (0)
------------------------------
 There are 0 register/latch pins with multiple clocks.


8. checking generated_clocks (0)
--------------------------------
 There are 0 generated clocks that are not connected to a clock source.


9. checking loops (0)
---------------------
 There are 0 combinational loops in the design.


10. checking partial_input_delay (0)
------------------------------------
 There are 0 input ports with partial input delay specified.


11. checking partial_output_delay (0)
-------------------------------------
 There are 0 ports with partial output delay specified.


12. checking latch_loops (0)
----------------------------
 There are 0 combinational latch loops in the design through latch input



------------------------------------------------------------------------------------------------
| Design Timing Summary
| ---------------------
------------------------------------------------------------------------------------------------

    WNS(ns)      TNS(ns)  TNS Failing Endpoints  TNS Total Endpoints      WHS(ns)      THS(ns)  THS Failing Endpoints  THS Total Endpoints     WPWS(ns)     TPWS(ns)  TPWS Failing Endpoints  TPWS Total Endpoints  
    -------      -------  ---------------------  -------------------      -------      -------  ---------------------  -------------------     --------     --------  ----------------------  --------------------  
      5.046        0.000                      0                   58        0.280        0.000                      0                   58        4.500        0.000                       0                    30  


All user specified timing constraints are met.


------------------------------------------------------------------------------------------------
| Clock Summary
| -------------
------------------------------------------------------------------------------------------------

Clock        Waveform(ns)       Period(ns)      Frequency(MHz)
-----        ------------       ----------      --------------
sys_clk_pin  {0.000 5.000}      10.000          100.000         


------------------------------------------------------------------------------------------------
| Intra Clock Table
| -----------------
------------------------------------------------------------------------------------------------

Clock             WNS(ns)      TNS(ns)  TNS Failing Endpoints  TNS Total Endpoints      WHS(ns)      THS(ns)  THS Failing Endpoints  THS Total Endpoints     WPWS(ns)     TPWS(ns)  TPWS Failing Endpoints  TPWS Total Endpoints  
-----             -------      -------  ---------------------  -------------------      -------      -------  ---------------------  -------------------     --------     --------  ----------------------  --------------------  
sys_clk_pin         5.046        0.000                      0                   58        0.280        0.000                      0                   58        4.500        0.000                       0                    30  


------------------------------------------------------------------------------------------------
| Inter Clock Table
| -----------------
------------------------------------------------------------------------------------------------

From Clock    To Clock          WNS(ns)      TNS(ns)  TNS Failing Endpoints  TNS Total Endpoints      WHS(ns)      THS(ns)  THS Failing Endpoints  THS Total Endpoints  
----------    --------          -------      -------  ---------------------  -------------------      -------      -------  ---------------------  -------------------  


------------------------------------------------------------------------------------------------
| Other Path Groups Table
| -----------------------
------------------------------------------------------------------------------------------------

Path Group    From Clock    To Clock          WNS(ns)      TNS(ns)  TNS Failing Endpoints  TNS Total Endpoints      WHS(ns)      THS(ns)  THS Failing Endpoints  THS Total Endpoints  
----------    ----------    --------          -------      -------  ---------------------  -------------------      -------      -------  ---------------------  -------------------  


------------------------------------------------------------------------------------------------
| Timing Details
| --------------
------------------------------------------------------------------------------------------------


---------------------------------------------------------------------------------------------------
From Clock:  sys_clk_pin
  To Clock:  sys_clk_pin

Setup :            0  Failing Endpoints,  Worst Slack        5.046ns,  Total Violation        0.000ns
Hold  :            0  Failing Endpoints,  Worst Slack        0.280ns,  Total Violation        0.000ns
PW    :            0  Failing Endpoints,  Worst Slack        4.500ns,  Total Violation        0.000ns
---------------------------------------------------------------------------------------------------


Max Delay Paths
--------------------------------------------------------------------------------------
Slack (MET) :             5.046ns  (required time - arrival time)
  Source:                 clk_en0/sig_count_reg[11]/C
                            (rising edge-triggered cell FDRE clocked by sys_clk_pin  {rise@0.000ns fall@5.000ns period=10.000ns})
  Destination:            clk_en0/sig_count_reg[0]/R
                            (rising edge-triggered cell FDRE clocked by sys_clk_pin  {rise@0.000ns fall@5.000ns period=10.000ns})
  Path Group:             sys_clk_pin
  Path Type:              Setup (Max at Slow Process Corner)
  Requirement:            10.000ns  (sys_clk_pin rise@10.000ns - sys_clk_pin rise@0.000ns)
  Data Path Delay:        4.465ns  (logic 1.058ns (23.698%)  route 3.407ns (76.302%))
  Logic Levels:           3  (LUT4=1 LUT5=1 LUT6=1)
  Clock Path Skew:        -0.025ns (DCD - SCD + CPR)
    Destination Clock Delay (DCD):    4.882ns = ( 14.882 - 10.000 ) 
    Source Clock Delay      (SCD):    5.180ns
    Clock Pessimism Removal (CPR):    0.273ns
  Clock Uncertainty:      0.035ns  ((TSJ^2 + TIJ^2)^1/2 + DJ) / 2 + PE
    Total System Jitter     (TSJ):    0.071ns
    Total Input Jitter      (TIJ):    0.000ns
    Discrete Jitter          (DJ):    0.000ns
    Phase Error              (PE):    0.000ns

    Location             Delay type                Incr(ns)  Path(ns)    Netlist Resource(s)
  -------------------------------------------------------------------    -------------------
                         (clock sys_clk_pin rise edge)
                                                      0.000     0.000 r  
    E3                                                0.000     0.000 r  CLK100MHZ (IN)
                         net (fo=0)                   0.000     0.000    CLK100MHZ
    E3                   IBUF (Prop_ibuf_I_O)         1.489     1.489 r  CLK100MHZ_IBUF_inst/O
                         net (fo=1, routed)           1.967     3.455    CLK100MHZ_IBUF
    BUFGCTRL_X0Y16       BUFG (Prop_bufg_I_O)         0.096     3.551 r  CLK100MHZ_IBUF_BUFG_inst/O
                         net (fo=29, routed)          1.628     5.180    clk_en0/CLK100MHZ
    SLICE_X0Y30          FDRE                                         r  clk_en0/sig_count_reg[11]/C
  -------------------------------------------------------------------    -------------------
    SLICE_X0Y30          FDRE (Prop_fdre_C_Q)         0.456     5.636 r  clk_en0/sig_count_reg[11]/Q
                         net (fo=2, routed)           0.816     6.451    clk_en0/sig_count_reg[11]
    SLICE_X1Y31          LUT4 (Prop_lut4_I2_O)        0.124     6.575 f  clk_en0/count_int[3]_i_3/O
                         net (fo=2, routed)           0.815     7.390    clk_en0/count_int[3]_i_3_n_0
    SLICE_X1Y32          LUT5 (Prop_lut5_I3_O)        0.152     7.542 f  clk_en0/sig_count[0]_i_3/O
                         net (fo=1, routed)           0.436     7.979    clk_en0/sig_count[0]_i_3_n_0
    SLICE_X1Y32          LUT6 (Prop_lut6_I0_O)        0.326     8.305 r  clk_en0/sig_count[0]_i_1/O
                         net (fo=25, routed)          1.340     9.644    clk_en0/sig_count[0]_i_1_n_0
    SLICE_X0Y28          FDRE                                         r  clk_en0/sig_count_reg[0]/R
  -------------------------------------------------------------------    -------------------

                         (clock sys_clk_pin rise edge)
                                                     10.000    10.000 r  
    E3                                                0.000    10.000 r  CLK100MHZ (IN)
                         net (fo=0)                   0.000    10.000    CLK100MHZ
    E3                   IBUF (Prop_ibuf_I_O)         1.418    11.418 r  CLK100MHZ_IBUF_inst/O
                         net (fo=1, routed)           1.862    13.280    CLK100MHZ_IBUF
    BUFGCTRL_X0Y16       BUFG (Prop_bufg_I_O)         0.091    13.371 r  CLK100MHZ_IBUF_BUFG_inst/O
                         net (fo=29, routed)          1.510    14.882    clk_en0/CLK100MHZ
    SLICE_X0Y28          FDRE                                         r  clk_en0/sig_count_reg[0]/C
                         clock pessimism              0.273    15.155    
                         clock uncertainty           -0.035    15.119    
    SLICE_X0Y28          FDRE (Setup_fdre_C_R)       -0.429    14.690    clk_en0/sig_count_reg[0]
  -------------------------------------------------------------------
                         required time                         14.690    
                         arrival time                          -9.644    
  -------------------------------------------------------------------
                         slack                                  5.046    

Slack (MET) :             5.046ns  (required time - arrival time)
  Source:                 clk_en0/sig_count_reg[11]/C
                            (rising edge-triggered cell FDRE clocked by sys_clk_pin  {rise@0.000ns fall@5.000ns period=10.000ns})
  Destination:            clk_en0/sig_count_reg[1]/R
                            (rising edge-triggered cell FDRE clocked by sys_clk_pin  {rise@0.000ns fall@5.000ns period=10.000ns})
  Path Group:             sys_clk_pin
  Path Type:              Setup (Max at Slow Process Corner)
  Requirement:            10.000ns  (sys_clk_pin rise@10.000ns - sys_clk_pin rise@0.000ns)
  Data Path Delay:        4.465ns  (logic 1.058ns (23.698%)  route 3.407ns (76.302%))
  Logic Levels:           3  (LUT4=1 LUT5=1 LUT6=1)
  Clock Path Skew:        -0.025ns (DCD - SCD + CPR)
    Destination Clock Delay (DCD):    4.882ns = ( 14.882 - 10.000 ) 
    Source Clock Delay      (SCD):    5.180ns
    Clock Pessimism Removal (CPR):    0.273ns
  Clock Uncertainty:      0.035ns  ((TSJ^2 + TIJ^2)^1/2 + DJ) / 2 + PE
    Total System Jitter     (TSJ):    0.071ns
    Total Input Jitter      (TIJ):    0.000ns
    Discrete Jitter          (DJ):    0.000ns
    Phase Error              (PE):    0.000ns

    Location             Delay type                Incr(ns)  Path(ns)    Netlist Resource(s)
  -------------------------------------------------------------------    -------------------
                         (clock sys_clk_pin rise edge)
                                                      0.000     0.000 r  
    E3                                                0.000     0.000 r  CLK100MHZ (IN)
                         net (fo=0)                   0.000     0.000    CLK100MHZ
    E3                   IBUF (Prop_ibuf_I_O)         1.489     1.489 r  CLK100MHZ_IBUF_inst/O
                         net (fo=1, routed)           1.967     3.455    CLK100MHZ_IBUF
    BUFGCTRL_X0Y16       BUFG (Prop_bufg_I_O)         0.096     3.551 r  CLK100MHZ_IBUF_BUFG_inst/O
                         net (fo=29, routed)          1.628     5.180    clk_en0/CLK100MHZ
    SLICE_X0Y30          FDRE                                         r  clk_en0/sig_count_reg[11]/C
  -------------------------------------------------------------------    -------------------
    SLICE_X0Y30          FDRE (Prop_fdre_C_Q)         0.456     5.636 r  clk_en0/sig_count_reg[11]/Q
                         net (fo=2, routed)           0.816     6.451    clk_en0/sig_count_reg[11]
    SLICE_X1Y31          LUT4 (Prop_lut4_I2_O)        0.124     6.575 f  clk_en0/count_int[3]_i_3/O
                         net (fo=2, routed)           0.815     7.390    clk_en0/count_int[3]_i_3_n_0
    SLICE_X1Y32          LUT5 (Prop_lut5_I3_O)        0.152     7.542 f  clk_en0/sig_count[0]_i_3/O
                         net (fo=1, routed)           0.436     7.979    clk_en0/sig_count[0]_i_3_n_0
    SLICE_X1Y32          LUT6 (Prop_lut6_I0_O)        0.326     8.305 r  clk_en0/sig_count[0]_i_1/O
                         net (fo=25, routed)          1.340     9.644    clk_en0/sig_count[0]_i_1_n_0
    SLICE_X0Y28          FDRE                                         r  clk_en0/sig_count_reg[1]/R
  -------------------------------------------------------------------    -------------------

                         (clock sys_clk_pin rise edge)
                                                     10.000    10.000 r  
    E3                                                0.000    10.000 r  CLK100MHZ (IN)
                         net (fo=0)                   0.000    10.000    CLK100MHZ
    E3                   IBUF (Prop_ibuf_I_O)         1.418    11.418 r  CLK100MHZ_IBUF_inst/O
                         net (fo=1, routed)           1.862    13.280    CLK100MHZ_IBUF
    BUFGCTRL_X0Y16       BUFG (Prop_bufg_I_O)         0.091    13.371 r  CLK100MHZ_IBUF_BUFG_inst/O
                         net (fo=29, routed)          1.510    14.882    clk_en0/CLK100MHZ
    SLICE_X0Y28          FDRE                                         r  clk_en0/sig_count_reg[1]/C
                         clock pessimism              0.273    15.155    
                         clock uncertainty           -0.035    15.119    
    SLICE_X0Y28          FDRE (Setup_fdre_C_R)       -0.429    14.690    clk_en0/sig_count_reg[1]
  -------------------------------------------------------------------
                         required time                         14.690    
                         arrival time                          -9.644    
  -------------------------------------------------------------------
                         slack                                  5.046    

Slack (MET) :             5.046ns  (required time - arrival time)
  Source:                 clk_en0/sig_count_reg[11]/C
                            (rising edge-triggered cell FDRE clocked by sys_clk_pin  {rise@0.000ns fall@5.000ns period=10.000ns})
  Destination:            clk_en0/sig_count_reg[2]/R
                            (rising edge-triggered cell FDRE clocked by sys_clk_pin  {rise@0.000ns fall@5.000ns period=10.000ns})
  Path Group:             sys_clk_pin
  Path Type:              Setup (Max at Slow Process Corner)
  Requirement:            10.000ns  (sys_clk_pin rise@10.000ns - sys_clk_pin rise@0.000ns)
  Data Path Delay:        4.465ns  (logic 1.058ns (23.698%)  route 3.407ns (76.302%))
  Logic Levels:           3  (LUT4=1 LUT5=1 LUT6=1)
  Clock Path Skew:        -0.025ns (DCD - SCD + CPR)
    Destination Clock Delay (DCD):    4.882ns = ( 14.882 - 10.000 ) 
    Source Clock Delay      (SCD):    5.180ns
    Clock Pessimism Removal (CPR):    0.273ns
  Clock Uncertainty:      0.035ns  ((TSJ^2 + TIJ^2)^1/2 + DJ) / 2 + PE
    Total System Jitter     (TSJ):    0.071ns
    Total Input Jitter      (TIJ):    0.000ns
    Discrete Jitter          (DJ):    0.000ns
    Phase Error              (PE):    0.000ns

    Location             Delay type                Incr(ns)  Path(ns)    Netlist Resource(s)
  -------------------------------------------------------------------    -------------------
                         (clock sys_clk_pin rise edge)
                                                      0.000     0.000 r  
    E3                                                0.000     0.000 r  CLK100MHZ (IN)
                         net (fo=0)                   0.000     0.000    CLK100MHZ
    E3                   IBUF (Prop_ibuf_I_O)         1.489     1.489 r  CLK100MHZ_IBUF_inst/O
                         net (fo=1, routed)           1.967     3.455    CLK100MHZ_IBUF
    BUFGCTRL_X0Y16       BUFG (Prop_bufg_I_O)         0.096     3.551 r  CLK100MHZ_IBUF_BUFG_inst/O
                         net (fo=29, routed)          1.628     5.180    clk_en0/CLK100MHZ
    SLICE_X0Y30          FDRE                                         r  clk_en0/sig_count_reg[11]/C
  -------------------------------------------------------------------    -------------------
    SLICE_X0Y30          FDRE (Prop_fdre_C_Q)         0.456     5.636 r  clk_en0/sig_count_reg[11]/Q
                         net (fo=2, routed)           0.816     6.451    clk_en0/sig_count_reg[11]
    SLICE_X1Y31          LUT4 (Prop_lut4_I2_O)        0.124     6.575 f  clk_en0/count_int[3]_i_3/O
                         net (fo=2, routed)           0.815     7.390    clk_en0/count_int[3]_i_3_n_0
    SLICE_X1Y32          LUT5 (Prop_lut5_I3_O)        0.152     7.542 f  clk_en0/sig_count[0]_i_3/O
                         net (fo=1, routed)           0.436     7.979    clk_en0/sig_count[0]_i_3_n_0
    SLICE_X1Y32          LUT6 (Prop_lut6_I0_O)        0.326     8.305 r  clk_en0/sig_count[0]_i_1/O
                         net (fo=25, routed)          1.340     9.644    clk_en0/sig_count[0]_i_1_n_0
    SLICE_X0Y28          FDRE                                         r  clk_en0/sig_count_reg[2]/R
  -------------------------------------------------------------------    -------------------

                         (clock sys_clk_pin rise edge)
                                                     10.000    10.000 r  
    E3                                                0.000    10.000 r  CLK100MHZ (IN)
                         net (fo=0)                   0.000    10.000    CLK100MHZ
    E3                   IBUF (Prop_ibuf_I_O)         1.418    11.418 r  CLK100MHZ_IBUF_inst/O
                         net (fo=1, routed)           1.862    13.280    CLK100MHZ_IBUF
    BUFGCTRL_X0Y16       BUFG (Prop_bufg_I_O)         0.091    13.371 r  CLK100MHZ_IBUF_BUFG_inst/O
                         net (fo=29, routed)          1.510    14.882    clk_en0/CLK100MHZ
    SLICE_X0Y28          FDRE                                         r  clk_en0/sig_count_reg[2]/C
                         clock pessimism              0.273    15.155    
                         clock uncertainty           -0.035    15.119    
    SLICE_X0Y28          FDRE (Setup_fdre_C_R)       -0.429    14.690    clk_en0/sig_count_reg[2]
  -------------------------------------------------------------------
                         required time                         14.690    
                         arrival time                          -9.644    
  -------------------------------------------------------------------
                         slack                                  5.046    

Slack (MET) :             5.046ns  (required time - arrival time)
  Source:                 clk_en0/sig_count_reg[11]/C
                            (rising edge-triggered cell FDRE clocked by sys_clk_pin  {rise@0.000ns fall@5.000ns period=10.000ns})
  Destination:            clk_en0/sig_count_reg[3]/R
                            (rising edge-triggered cell FDRE clocked by sys_clk_pin  {rise@0.000ns fall@5.000ns period=10.000ns})
  Path Group:             sys_clk_pin
  Path Type:              Setup (Max at Slow Process Corner)
  Requirement:            10.000ns  (sys_clk_pin rise@10.000ns - sys_clk_pin rise@0.000ns)
  Data Path Delay:        4.465ns  (logic 1.058ns (23.698%)  route 3.407ns (76.302%))
  Logic Levels:           3  (LUT4=1 LUT5=1 LUT6=1)
  Clock Path Skew:        -0.025ns (DCD - SCD + CPR)
    Destination Clock Delay (DCD):    4.882ns = ( 14.882 - 10.000 ) 
    Source Clock Delay      (SCD):    5.180ns
    Clock Pessimism Removal (CPR):    0.273ns
  Clock Uncertainty:      0.035ns  ((TSJ^2 + TIJ^2)^1/2 + DJ) / 2 + PE
    Total System Jitter     (TSJ):    0.071ns
    Total Input Jitter      (TIJ):    0.000ns
    Discrete Jitter          (DJ):    0.000ns
    Phase Error              (PE):    0.000ns

    Location             Delay type                Incr(ns)  Path(ns)    Netlist Resource(s)
  -------------------------------------------------------------------    -------------------
                         (clock sys_clk_pin rise edge)
                                                      0.000     0.000 r  
    E3                                                0.000     0.000 r  CLK100MHZ (IN)
                         net (fo=0)                   0.000     0.000    CLK100MHZ
    E3                   IBUF (Prop_ibuf_I_O)         1.489     1.489 r  CLK100MHZ_IBUF_inst/O
                         net (fo=1, routed)           1.967     3.455    CLK100MHZ_IBUF
    BUFGCTRL_X0Y16       BUFG (Prop_bufg_I_O)         0.096     3.551 r  CLK100MHZ_IBUF_BUFG_inst/O
                         net (fo=29, routed)          1.628     5.180    clk_en0/CLK100MHZ
    SLICE_X0Y30          FDRE                                         r  clk_en0/sig_count_reg[11]/C
  -------------------------------------------------------------------    -------------------
    SLICE_X0Y30          FDRE (Prop_fdre_C_Q)         0.456     5.636 r  clk_en0/sig_count_reg[11]/Q
                         net (fo=2, routed)           0.816     6.451    clk_en0/sig_count_reg[11]
    SLICE_X1Y31          LUT4 (Prop_lut4_I2_O)        0.124     6.575 f  clk_en0/count_int[3]_i_3/O
                         net (fo=2, routed)           0.815     7.390    clk_en0/count_int[3]_i_3_n_0
    SLICE_X1Y32          LUT5 (Prop_lut5_I3_O)        0.152     7.542 f  clk_en0/sig_count[0]_i_3/O
                         net (fo=1, routed)           0.436     7.979    clk_en0/sig_count[0]_i_3_n_0
    SLICE_X1Y32          LUT6 (Prop_lut6_I0_O)        0.326     8.305 r  clk_en0/sig_count[0]_i_1/O
                         net (fo=25, routed)          1.340     9.644    clk_en0/sig_count[0]_i_1_n_0
    SLICE_X0Y28          FDRE                                         r  clk_en0/sig_count_reg[3]/R
  -------------------------------------------------------------------    -------------------

                         (clock sys_clk_pin rise edge)
                                                     10.000    10.000 r  
    E3                                                0.000    10.000 r  CLK100MHZ (IN)
                         net (fo=0)                   0.000    10.000    CLK100MHZ
    E3                   IBUF (Prop_ibuf_I_O)         1.418    11.418 r  CLK100MHZ_IBUF_inst/O
                         net (fo=1, routed)           1.862    13.280    CLK100MHZ_IBUF
    BUFGCTRL_X0Y16       BUFG (Prop_bufg_I_O)         0.091    13.371 r  CLK100MHZ_IBUF_BUFG_inst/O
                         net (fo=29, routed)          1.510    14.882    clk_en0/CLK100MHZ
    SLICE_X0Y28          FDRE                                         r  clk_en0/sig_count_reg[3]/C
                         clock pessimism              0.273    15.155    
                         clock uncertainty           -0.035    15.119    
    SLICE_X0Y28          FDRE (Setup_fdre_C_R)       -0.429    14.690    clk_en0/sig_count_reg[3]
  -------------------------------------------------------------------
                         required time                         14.690    
                         arrival time                          -9.644    
  -------------------------------------------------------------------
                         slack                                  5.046    

Slack (MET) :             5.327ns  (required time - arrival time)
  Source:                 clk_en0/sig_count_reg[11]/C
                            (rising edge-triggered cell FDRE clocked by sys_clk_pin  {rise@0.000ns fall@5.000ns period=10.000ns})
  Destination:            clk_en0/sig_count_reg[4]/R
                            (rising edge-triggered cell FDRE clocked by sys_clk_pin  {rise@0.000ns fall@5.000ns period=10.000ns})
  Path Group:             sys_clk_pin
  Path Type:              Setup (Max at Slow Process Corner)
  Requirement:            10.000ns  (sys_clk_pin rise@10.000ns - sys_clk_pin rise@0.000ns)
  Data Path Delay:        4.185ns  (logic 1.058ns (25.280%)  route 3.127ns (74.720%))
  Logic Levels:           3  (LUT4=1 LUT5=1 LUT6=1)
  Clock Path Skew:        -0.024ns (DCD - SCD + CPR)
    Destination Clock Delay (DCD):    4.883ns = ( 14.883 - 10.000 ) 
    Source Clock Delay      (SCD):    5.180ns
    Clock Pessimism Removal (CPR):    0.273ns
  Clock Uncertainty:      0.035ns  ((TSJ^2 + TIJ^2)^1/2 + DJ) / 2 + PE
    Total System Jitter     (TSJ):    0.071ns
    Total Input Jitter      (TIJ):    0.000ns
    Discrete Jitter          (DJ):    0.000ns
    Phase Error              (PE):    0.000ns

    Location             Delay type                Incr(ns)  Path(ns)    Netlist Resource(s)
  -------------------------------------------------------------------    -------------------
                         (clock sys_clk_pin rise edge)
                                                      0.000     0.000 r  
    E3                                                0.000     0.000 r  CLK100MHZ (IN)
                         net (fo=0)                   0.000     0.000    CLK100MHZ
    E3                   IBUF (Prop_ibuf_I_O)         1.489     1.489 r  CLK100MHZ_IBUF_inst/O
                         net (fo=1, routed)           1.967     3.455    CLK100MHZ_IBUF
    BUFGCTRL_X0Y16       BUFG (Prop_bufg_I_O)         0.096     3.551 r  CLK100MHZ_IBUF_BUFG_inst/O
                         net (fo=29, routed)          1.628     5.180    clk_en0/CLK100MHZ
    SLICE_X0Y30          FDRE                                         r  clk_en0/sig_count_reg[11]/C
  -------------------------------------------------------------------    -------------------
    SLICE_X0Y30          FDRE (Prop_fdre_C_Q)         0.456     5.636 r  clk_en0/sig_count_reg[11]/Q
                         net (fo=2, routed)           0.816     6.451    clk_en0/sig_count_reg[11]
    SLICE_X1Y31          LUT4 (Prop_lut4_I2_O)        0.124     6.575 f  clk_en0/count_int[3]_i_3/O
                         net (fo=2, routed)           0.815     7.390    clk_en0/count_int[3]_i_3_n_0
    SLICE_X1Y32          LUT5 (Prop_lut5_I3_O)        0.152     7.542 f  clk_en0/sig_count[0]_i_3/O
                         net (fo=1, routed)           0.436     7.979    clk_en0/sig_count[0]_i_3_n_0
    SLICE_X1Y32          LUT6 (Prop_lut6_I0_O)        0.326     8.305 r  clk_en0/sig_count[0]_i_1/O
                         net (fo=25, routed)          1.060     9.365    clk_en0/sig_count[0]_i_1_n_0
    SLICE_X0Y29          FDRE                                         r  clk_en0/sig_count_reg[4]/R
  -------------------------------------------------------------------    -------------------

                         (clock sys_clk_pin rise edge)
                                                     10.000    10.000 r  
    E3                                                0.000    10.000 r  CLK100MHZ (IN)
                         net (fo=0)                   0.000    10.000    CLK100MHZ
    E3                   IBUF (Prop_ibuf_I_O)         1.418    11.418 r  CLK100MHZ_IBUF_inst/O
                         net (fo=1, routed)           1.862    13.280    CLK100MHZ_IBUF
    BUFGCTRL_X0Y16       BUFG (Prop_bufg_I_O)         0.091    13.371 r  CLK100MHZ_IBUF_BUFG_inst/O
                         net (fo=29, routed)          1.511    14.883    clk_en0/CLK100MHZ
    SLICE_X0Y29          FDRE                                         r  clk_en0/sig_count_reg[4]/C
                         clock pessimism              0.273    15.156    
                         clock uncertainty           -0.035    15.120    
    SLICE_X0Y29          FDRE (Setup_fdre_C_R)       -0.429    14.691    clk_en0/sig_count_reg[4]
  -------------------------------------------------------------------
                         required time                         14.691    
                         arrival time                          -9.365    
  -------------------------------------------------------------------
                         slack                                  5.327    

Slack (MET) :             5.327ns  (required time - arrival time)
  Source:                 clk_en0/sig_count_reg[11]/C
                            (rising edge-triggered cell FDRE clocked by sys_clk_pin  {rise@0.000ns fall@5.000ns period=10.000ns})
  Destination:            clk_en0/sig_count_reg[5]/R
                            (rising edge-triggered cell FDRE clocked by sys_clk_pin  {rise@0.000ns fall@5.000ns period=10.000ns})
  Path Group:             sys_clk_pin
  Path Type:              Setup (Max at Slow Process Corner)
  Requirement:            10.000ns  (sys_clk_pin rise@10.000ns - sys_clk_pin rise@0.000ns)
  Data Path Delay:        4.185ns  (logic 1.058ns (25.280%)  route 3.127ns (74.720%))
  Logic Levels:           3  (LUT4=1 LUT5=1 LUT6=1)
  Clock Path Skew:        -0.024ns (DCD - SCD + CPR)
    Destination Clock Delay (DCD):    4.883ns = ( 14.883 - 10.000 ) 
    Source Clock Delay      (SCD):    5.180ns
    Clock Pessimism Removal (CPR):    0.273ns
  Clock Uncertainty:      0.035ns  ((TSJ^2 + TIJ^2)^1/2 + DJ) / 2 + PE
    Total System Jitter     (TSJ):    0.071ns
    Total Input Jitter      (TIJ):    0.000ns
    Discrete Jitter          (DJ):    0.000ns
    Phase Error              (PE):    0.000ns

    Location             Delay type                Incr(ns)  Path(ns)    Netlist Resource(s)
  -------------------------------------------------------------------    -------------------
                         (clock sys_clk_pin rise edge)
                                                      0.000     0.000 r  
    E3                                                0.000     0.000 r  CLK100MHZ (IN)
                         net (fo=0)                   0.000     0.000    CLK100MHZ
    E3                   IBUF (Prop_ibuf_I_O)         1.489     1.489 r  CLK100MHZ_IBUF_inst/O
                         net (fo=1, routed)           1.967     3.455    CLK100MHZ_IBUF
    BUFGCTRL_X0Y16       BUFG (Prop_bufg_I_O)         0.096     3.551 r  CLK100MHZ_IBUF_BUFG_inst/O
                         net (fo=29, routed)          1.628     5.180    clk_en0/CLK100MHZ
    SLICE_X0Y30          FDRE                                         r  clk_en0/sig_count_reg[11]/C
  -------------------------------------------------------------------    -------------------
    SLICE_X0Y30          FDRE (Prop_fdre_C_Q)         0.456     5.636 r  clk_en0/sig_count_reg[11]/Q
                         net (fo=2, routed)           0.816     6.451    clk_en0/sig_count_reg[11]
    SLICE_X1Y31          LUT4 (Prop_lut4_I2_O)        0.124     6.575 f  clk_en0/count_int[3]_i_3/O
                         net (fo=2, routed)           0.815     7.390    clk_en0/count_int[3]_i_3_n_0
    SLICE_X1Y32          LUT5 (Prop_lut5_I3_O)        0.152     7.542 f  clk_en0/sig_count[0]_i_3/O
                         net (fo=1, routed)           0.436     7.979    clk_en0/sig_count[0]_i_3_n_0
    SLICE_X1Y32          LUT6 (Prop_lut6_I0_O)        0.326     8.305 r  clk_en0/sig_count[0]_i_1/O
                         net (fo=25, routed)          1.060     9.365    clk_en0/sig_count[0]_i_1_n_0
    SLICE_X0Y29          FDRE                                         r  clk_en0/sig_count_reg[5]/R
  -------------------------------------------------------------------    -------------------

                         (clock sys_clk_pin rise edge)
                                                     10.000    10.000 r  
    E3                                                0.000    10.000 r  CLK100MHZ (IN)
                         net (fo=0)                   0.000    10.000    CLK100MHZ
    E3                   IBUF (Prop_ibuf_I_O)         1.418    11.418 r  CLK100MHZ_IBUF_inst/O
                         net (fo=1, routed)           1.862    13.280    CLK100MHZ_IBUF
    BUFGCTRL_X0Y16       BUFG (Prop_bufg_I_O)         0.091    13.371 r  CLK100MHZ_IBUF_BUFG_inst/O
                         net (fo=29, routed)          1.511    14.883    clk_en0/CLK100MHZ
    SLICE_X0Y29          FDRE                                         r  clk_en0/sig_count_reg[5]/C
                         clock pessimism              0.273    15.156    
                         clock uncertainty           -0.035    15.120    
    SLICE_X0Y29          FDRE (Setup_fdre_C_R)       -0.429    14.691    clk_en0/sig_count_reg[5]
  -------------------------------------------------------------------
                         required time                         14.691    
                         arrival time                          -9.365    
  -------------------------------------------------------------------
                         slack                                  5.327    

Slack (MET) :             5.327ns  (required time - arrival time)
  Source:                 clk_en0/sig_count_reg[11]/C
                            (rising edge-triggered cell FDRE clocked by sys_clk_pin  {rise@0.000ns fall@5.000ns period=10.000ns})
  Destination:            clk_en0/sig_count_reg[6]/R
                            (rising edge-triggered cell FDRE clocked by sys_clk_pin  {rise@0.000ns fall@5.000ns period=10.000ns})
  Path Group:             sys_clk_pin
  Path Type:              Setup (Max at Slow Process Corner)
  Requirement:            10.000ns  (sys_clk_pin rise@10.000ns - sys_clk_pin rise@0.000ns)
  Data Path Delay:        4.185ns  (logic 1.058ns (25.280%)  route 3.127ns (74.720%))
  Logic Levels:           3  (LUT4=1 LUT5=1 LUT6=1)
  Clock Path Skew:        -0.024ns (DCD - SCD + CPR)
    Destination Clock Delay (DCD):    4.883ns = ( 14.883 - 10.000 ) 
    Source Clock Delay      (SCD):    5.180ns
    Clock Pessimism Removal (CPR):    0.273ns
  Clock Uncertainty:      0.035ns  ((TSJ^2 + TIJ^2)^1/2 + DJ) / 2 + PE
    Total System Jitter     (TSJ):    0.071ns
    Total Input Jitter      (TIJ):    0.000ns
    Discrete Jitter          (DJ):    0.000ns
    Phase Error              (PE):    0.000ns

    Location             Delay type                Incr(ns)  Path(ns)    Netlist Resource(s)
  -------------------------------------------------------------------    -------------------
                         (clock sys_clk_pin rise edge)
                                                      0.000     0.000 r  
    E3                                                0.000     0.000 r  CLK100MHZ (IN)
                         net (fo=0)                   0.000     0.000    CLK100MHZ
    E3                   IBUF (Prop_ibuf_I_O)         1.489     1.489 r  CLK100MHZ_IBUF_inst/O
                         net (fo=1, routed)           1.967     3.455    CLK100MHZ_IBUF
    BUFGCTRL_X0Y16       BUFG (Prop_bufg_I_O)         0.096     3.551 r  CLK100MHZ_IBUF_BUFG_inst/O
                         net (fo=29, routed)          1.628     5.180    clk_en0/CLK100MHZ
    SLICE_X0Y30          FDRE                                         r  clk_en0/sig_count_reg[11]/C
  -------------------------------------------------------------------    -------------------
    SLICE_X0Y30          FDRE (Prop_fdre_C_Q)         0.456     5.636 r  clk_en0/sig_count_reg[11]/Q
                         net (fo=2, routed)           0.816     6.451    clk_en0/sig_count_reg[11]
    SLICE_X1Y31          LUT4 (Prop_lut4_I2_O)        0.124     6.575 f  clk_en0/count_int[3]_i_3/O
                         net (fo=2, routed)           0.815     7.390    clk_en0/count_int[3]_i_3_n_0
    SLICE_X1Y32          LUT5 (Prop_lut5_I3_O)        0.152     7.542 f  clk_en0/sig_count[0]_i_3/O
                         net (fo=1, routed)           0.436     7.979    clk_en0/sig_count[0]_i_3_n_0
    SLICE_X1Y32          LUT6 (Prop_lut6_I0_O)        0.326     8.305 r  clk_en0/sig_count[0]_i_1/O
                         net (fo=25, routed)          1.060     9.365    clk_en0/sig_count[0]_i_1_n_0
    SLICE_X0Y29          FDRE                                         r  clk_en0/sig_count_reg[6]/R
  -------------------------------------------------------------------    -------------------

                         (clock sys_clk_pin rise edge)
                                                     10.000    10.000 r  
    E3                                                0.000    10.000 r  CLK100MHZ (IN)
                         net (fo=0)                   0.000    10.000    CLK100MHZ
    E3                   IBUF (Prop_ibuf_I_O)         1.418    11.418 r  CLK100MHZ_IBUF_inst/O
                         net (fo=1, routed)           1.862    13.280    CLK100MHZ_IBUF
    BUFGCTRL_X0Y16       BUFG (Prop_bufg_I_O)         0.091    13.371 r  CLK100MHZ_IBUF_BUFG_inst/O
                         net (fo=29, routed)          1.511    14.883    clk_en0/CLK100MHZ
    SLICE_X0Y29          FDRE                                         r  clk_en0/sig_count_reg[6]/C
                         clock pessimism              0.273    15.156    
                         clock uncertainty           -0.035    15.120    
    SLICE_X0Y29          FDRE (Setup_fdre_C_R)       -0.429    14.691    clk_en0/sig_count_reg[6]
  -------------------------------------------------------------------
                         required time                         14.691    
                         arrival time                          -9.365    
  -------------------------------------------------------------------
                         slack                                  5.327    

Slack (MET) :             5.327ns  (required time - arrival time)
  Source:                 clk_en0/sig_count_reg[11]/C
                            (rising edge-triggered cell FDRE clocked by sys_clk_pin  {rise@0.000ns fall@5.000ns period=10.000ns})
  Destination:            clk_en0/sig_count_reg[7]/R
                            (rising edge-triggered cell FDRE clocked by sys_clk_pin  {rise@0.000ns fall@5.000ns period=10.000ns})
  Path Group:             sys_clk_pin
  Path Type:              Setup (Max at Slow Process Corner)
  Requirement:            10.000ns  (sys_clk_pin rise@10.000ns - sys_clk_pin rise@0.000ns)
  Data Path Delay:        4.185ns  (logic 1.058ns (25.280%)  route 3.127ns (74.720%))
  Logic Levels:           3  (LUT4=1 LUT5=1 LUT6=1)
  Clock Path Skew:        -0.024ns (DCD - SCD + CPR)
    Destination Clock Delay (DCD):    4.883ns = ( 14.883 - 10.000 ) 
    Source Clock Delay      (SCD):    5.180ns
    Clock Pessimism Removal (CPR):    0.273ns
  Clock Uncertainty:      0.035ns  ((TSJ^2 + TIJ^2)^1/2 + DJ) / 2 + PE
    Total System Jitter     (TSJ):    0.071ns
    Total Input Jitter      (TIJ):    0.000ns
    Discrete Jitter          (DJ):    0.000ns
    Phase Error              (PE):    0.000ns

    Location             Delay type                Incr(ns)  Path(ns)    Netlist Resource(s)
  -------------------------------------------------------------------    -------------------
                         (clock sys_clk_pin rise edge)
                                                      0.000     0.000 r  
    E3                                                0.000     0.000 r  CLK100MHZ (IN)
                         net (fo=0)                   0.000     0.000    CLK100MHZ
    E3                   IBUF (Prop_ibuf_I_O)         1.489     1.489 r  CLK100MHZ_IBUF_inst/O
                         net (fo=1, routed)           1.967     3.455    CLK100MHZ_IBUF
    BUFGCTRL_X0Y16       BUFG (Prop_bufg_I_O)         0.096     3.551 r  CLK100MHZ_IBUF_BUFG_inst/O
                         net (fo=29, routed)          1.628     5.180    clk_en0/CLK100MHZ
    SLICE_X0Y30          FDRE                                         r  clk_en0/sig_count_reg[11]/C
  -------------------------------------------------------------------    -------------------
    SLICE_X0Y30          FDRE (Prop_fdre_C_Q)         0.456     5.636 r  clk_en0/sig_count_reg[11]/Q
                         net (fo=2, routed)           0.816     6.451    clk_en0/sig_count_reg[11]
    SLICE_X1Y31          LUT4 (Prop_lut4_I2_O)        0.124     6.575 f  clk_en0/count_int[3]_i_3/O
                         net (fo=2, routed)           0.815     7.390    clk_en0/count_int[3]_i_3_n_0
    SLICE_X1Y32          LUT5 (Prop_lut5_I3_O)        0.152     7.542 f  clk_en0/sig_count[0]_i_3/O
                         net (fo=1, routed)           0.436     7.979    clk_en0/sig_count[0]_i_3_n_0
    SLICE_X1Y32          LUT6 (Prop_lut6_I0_O)        0.326     8.305 r  clk_en0/sig_count[0]_i_1/O
                         net (fo=25, routed)          1.060     9.365    clk_en0/sig_count[0]_i_1_n_0
    SLICE_X0Y29          FDRE                                         r  clk_en0/sig_count_reg[7]/R
  -------------------------------------------------------------------    -------------------

                         (clock sys_clk_pin rise edge)
                                                     10.000    10.000 r  
    E3                                                0.000    10.000 r  CLK100MHZ (IN)
                         net (fo=0)                   0.000    10.000    CLK100MHZ
    E3                   IBUF (Prop_ibuf_I_O)         1.418    11.418 r  CLK100MHZ_IBUF_inst/O
                         net (fo=1, routed)           1.862    13.280    CLK100MHZ_IBUF
    BUFGCTRL_X0Y16       BUFG (Prop_bufg_I_O)         0.091    13.371 r  CLK100MHZ_IBUF_BUFG_inst/O
                         net (fo=29, routed)          1.511    14.883    clk_en0/CLK100MHZ
    SLICE_X0Y29          FDRE                                         r  clk_en0/sig_count_reg[7]/C
                         clock pessimism              0.273    15.156    
                         clock uncertainty           -0.035    15.120    
    SLICE_X0Y29          FDRE (Setup_fdre_C_R)       -0.429    14.691    clk_en0/sig_count_reg[7]
  -------------------------------------------------------------------
                         required time                         14.691    
                         arrival time                          -9.365    
  -------------------------------------------------------------------
                         slack                                  5.327    

Slack (MET) :             5.509ns  (required time - arrival time)
  Source:                 clk_en0/sig_count_reg[11]/C
                            (rising edge-triggered cell FDRE clocked by sys_clk_pin  {rise@0.000ns fall@5.000ns period=10.000ns})
  Destination:            clk_en0/sig_count_reg[10]/R
                            (rising edge-triggered cell FDRE clocked by sys_clk_pin  {rise@0.000ns fall@5.000ns period=10.000ns})
  Path Group:             sys_clk_pin
  Path Type:              Setup (Max at Slow Process Corner)
  Requirement:            10.000ns  (sys_clk_pin rise@10.000ns - sys_clk_pin rise@0.000ns)
  Data Path Delay:        4.026ns  (logic 1.058ns (26.277%)  route 2.968ns (73.723%))
  Logic Levels:           3  (LUT4=1 LUT5=1 LUT6=1)
  Clock Path Skew:        0.000ns (DCD - SCD + CPR)
    Destination Clock Delay (DCD):    4.883ns = ( 14.883 - 10.000 ) 
    Source Clock Delay      (SCD):    5.180ns
    Clock Pessimism Removal (CPR):    0.297ns
  Clock Uncertainty:      0.035ns  ((TSJ^2 + TIJ^2)^1/2 + DJ) / 2 + PE
    Total System Jitter     (TSJ):    0.071ns
    Total Input Jitter      (TIJ):    0.000ns
    Discrete Jitter          (DJ):    0.000ns
    Phase Error              (PE):    0.000ns

    Location             Delay type                Incr(ns)  Path(ns)    Netlist Resource(s)
  -------------------------------------------------------------------    -------------------
                         (clock sys_clk_pin rise edge)
                                                      0.000     0.000 r  
    E3                                                0.000     0.000 r  CLK100MHZ (IN)
                         net (fo=0)                   0.000     0.000    CLK100MHZ
    E3                   IBUF (Prop_ibuf_I_O)         1.489     1.489 r  CLK100MHZ_IBUF_inst/O
                         net (fo=1, routed)           1.967     3.455    CLK100MHZ_IBUF
    BUFGCTRL_X0Y16       BUFG (Prop_bufg_I_O)         0.096     3.551 r  CLK100MHZ_IBUF_BUFG_inst/O
                         net (fo=29, routed)          1.628     5.180    clk_en0/CLK100MHZ
    SLICE_X0Y30          FDRE                                         r  clk_en0/sig_count_reg[11]/C
  -------------------------------------------------------------------    -------------------
    SLICE_X0Y30          FDRE (Prop_fdre_C_Q)         0.456     5.636 r  clk_en0/sig_count_reg[11]/Q
                         net (fo=2, routed)           0.816     6.451    clk_en0/sig_count_reg[11]
    SLICE_X1Y31          LUT4 (Prop_lut4_I2_O)        0.124     6.575 f  clk_en0/count_int[3]_i_3/O
                         net (fo=2, routed)           0.815     7.390    clk_en0/count_int[3]_i_3_n_0
    SLICE_X1Y32          LUT5 (Prop_lut5_I3_O)        0.152     7.542 f  clk_en0/sig_count[0]_i_3/O
                         net (fo=1, routed)           0.436     7.979    clk_en0/sig_count[0]_i_3_n_0
    SLICE_X1Y32          LUT6 (Prop_lut6_I0_O)        0.326     8.305 r  clk_en0/sig_count[0]_i_1/O
                         net (fo=25, routed)          0.901     9.206    clk_en0/sig_count[0]_i_1_n_0
    SLICE_X0Y30          FDRE                                         r  clk_en0/sig_count_reg[10]/R
  -------------------------------------------------------------------    -------------------

                         (clock sys_clk_pin rise edge)
                                                     10.000    10.000 r  
    E3                                                0.000    10.000 r  CLK100MHZ (IN)
                         net (fo=0)                   0.000    10.000    CLK100MHZ
    E3                   IBUF (Prop_ibuf_I_O)         1.418    11.418 r  CLK100MHZ_IBUF_inst/O
                         net (fo=1, routed)           1.862    13.280    CLK100MHZ_IBUF
    BUFGCTRL_X0Y16       BUFG (Prop_bufg_I_O)         0.091    13.371 r  CLK100MHZ_IBUF_BUFG_inst/O
                         net (fo=29, routed)          1.511    14.883    clk_en0/CLK100MHZ
    SLICE_X0Y30          FDRE                                         r  clk_en0/sig_count_reg[10]/C
                         clock pessimism              0.297    15.180    
                         clock uncertainty           -0.035    15.144    
    SLICE_X0Y30          FDRE (Setup_fdre_C_R)       -0.429    14.715    clk_en0/sig_count_reg[10]
  -------------------------------------------------------------------
                         required time                         14.715    
                         arrival time                          -9.206    
  -------------------------------------------------------------------
                         slack                                  5.509    

Slack (MET) :             5.509ns  (required time - arrival time)
  Source:                 clk_en0/sig_count_reg[11]/C
                            (rising edge-triggered cell FDRE clocked by sys_clk_pin  {rise@0.000ns fall@5.000ns period=10.000ns})
  Destination:            clk_en0/sig_count_reg[11]/R
                            (rising edge-triggered cell FDRE clocked by sys_clk_pin  {rise@0.000ns fall@5.000ns period=10.000ns})
  Path Group:             sys_clk_pin
  Path Type:              Setup (Max at Slow Process Corner)
  Requirement:            10.000ns  (sys_clk_pin rise@10.000ns - sys_clk_pin rise@0.000ns)
  Data Path Delay:        4.026ns  (logic 1.058ns (26.277%)  route 2.968ns (73.723%))
  Logic Levels:           3  (LUT4=1 LUT5=1 LUT6=1)
  Clock Path Skew:        0.000ns (DCD - SCD + CPR)
    Destination Clock Delay (DCD):    4.883ns = ( 14.883 - 10.000 ) 
    Source Clock Delay      (SCD):    5.180ns
    Clock Pessimism Removal (CPR):    0.297ns
  Clock Uncertainty:      0.035ns  ((TSJ^2 + TIJ^2)^1/2 + DJ) / 2 + PE
    Total System Jitter     (TSJ):    0.071ns
    Total Input Jitter      (TIJ):    0.000ns
    Discrete Jitter          (DJ):    0.000ns
    Phase Error              (PE):    0.000ns

    Location             Delay type                Incr(ns)  Path(ns)    Netlist Resource(s)
  -------------------------------------------------------------------    -------------------
                         (clock sys_clk_pin rise edge)
                                                      0.000     0.000 r  
    E3                                                0.000     0.000 r  CLK100MHZ (IN)
                         net (fo=0)                   0.000     0.000    CLK100MHZ
    E3                   IBUF (Prop_ibuf_I_O)         1.489     1.489 r  CLK100MHZ_IBUF_inst/O
                         net (fo=1, routed)           1.967     3.455    CLK100MHZ_IBUF
    BUFGCTRL_X0Y16       BUFG (Prop_bufg_I_O)         0.096     3.551 r  CLK100MHZ_IBUF_BUFG_inst/O
                         net (fo=29, routed)          1.628     5.180    clk_en0/CLK100MHZ
    SLICE_X0Y30          FDRE                                         r  clk_en0/sig_count_reg[11]/C
  -------------------------------------------------------------------    -------------------
    SLICE_X0Y30          FDRE (Prop_fdre_C_Q)         0.456     5.636 r  clk_en0/sig_count_reg[11]/Q
                         net (fo=2, routed)           0.816     6.451    clk_en0/sig_count_reg[11]
    SLICE_X1Y31          LUT4 (Prop_lut4_I2_O)        0.124     6.575 f  clk_en0/count_int[3]_i_3/O
                         net (fo=2, routed)           0.815     7.390    clk_en0/count_int[3]_i_3_n_0
    SLICE_X1Y32          LUT5 (Prop_lut5_I3_O)        0.152     7.542 f  clk_en0/sig_count[0]_i_3/O
                         net (fo=1, routed)           0.436     7.979    clk_en0/sig_count[0]_i_3_n_0
    SLICE_X1Y32          LUT6 (Prop_lut6_I0_O)        0.326     8.305 r  clk_en0/sig_count[0]_i_1/O
                         net (fo=25, routed)          0.901     9.206    clk_en0/sig_count[0]_i_1_n_0
    SLICE_X0Y30          FDRE                                         r  clk_en0/sig_count_reg[11]/R
  -------------------------------------------------------------------    -------------------

                         (clock sys_clk_pin rise edge)
                                                     10.000    10.000 r  
    E3                                                0.000    10.000 r  CLK100MHZ (IN)
                         net (fo=0)                   0.000    10.000    CLK100MHZ
    E3                   IBUF (Prop_ibuf_I_O)         1.418    11.418 r  CLK100MHZ_IBUF_inst/O
                         net (fo=1, routed)           1.862    13.280    CLK100MHZ_IBUF
    BUFGCTRL_X0Y16       BUFG (Prop_bufg_I_O)         0.091    13.371 r  CLK100MHZ_IBUF_BUFG_inst/O
                         net (fo=29, routed)          1.511    14.883    clk_en0/CLK100MHZ
    SLICE_X0Y30          FDRE                                         r  clk_en0/sig_count_reg[11]/C
                         clock pessimism              0.297    15.180    
                         clock uncertainty           -0.035    15.144    
    SLICE_X0Y30          FDRE (Setup_fdre_C_R)       -0.429    14.715    clk_en0/sig_count_reg[11]
  -------------------------------------------------------------------
                         required time                         14.715    
                         arrival time                          -9.206    
  -------------------------------------------------------------------
                         slack                                  5.509    





Min Delay Paths
--------------------------------------------------------------------------------------
Slack (MET) :             0.280ns  (arrival time - required time)
  Source:                 clk_en0/sig_count_reg[14]/C
                            (rising edge-triggered cell FDRE clocked by sys_clk_pin  {rise@0.000ns fall@5.000ns period=10.000ns})
  Destination:            clk_en0/sig_count_reg[14]/D
                            (rising edge-triggered cell FDRE clocked by sys_clk_pin  {rise@0.000ns fall@5.000ns period=10.000ns})
  Path Group:             sys_clk_pin
  Path Type:              Hold (Min at Fast Process Corner)
  Requirement:            0.000ns  (sys_clk_pin rise@0.000ns - sys_clk_pin rise@0.000ns)
  Data Path Delay:        0.385ns  (logic 0.252ns (65.529%)  route 0.133ns (34.471%))
  Logic Levels:           1  (CARRY4=1)
  Clock Path Skew:        0.000ns (DCD - SCD - CPR)
    Destination Clock Delay (DCD):    2.017ns
    Source Clock Delay      (SCD):    1.503ns
    Clock Pessimism Removal (CPR):    0.514ns

    Location             Delay type                Incr(ns)  Path(ns)    Netlist Resource(s)
  -------------------------------------------------------------------    -------------------
                         (clock sys_clk_pin rise edge)
                                                      0.000     0.000 r  
    E3                                                0.000     0.000 r  CLK100MHZ (IN)
                         net (fo=0)                   0.000     0.000    CLK100MHZ
    E3                   IBUF (Prop_ibuf_I_O)         0.257     0.257 r  CLK100MHZ_IBUF_inst/O
                         net (fo=1, routed)           0.631     0.888    CLK100MHZ_IBUF
    BUFGCTRL_X0Y16       BUFG (Prop_bufg_I_O)         0.026     0.914 r  CLK100MHZ_IBUF_BUFG_inst/O
                         net (fo=29, routed)          0.590     1.503    clk_en0/CLK100MHZ
    SLICE_X0Y31          FDRE                                         r  clk_en0/sig_count_reg[14]/C
  -------------------------------------------------------------------    -------------------
    SLICE_X0Y31          FDRE (Prop_fdre_C_Q)         0.141     1.644 r  clk_en0/sig_count_reg[14]/Q
                         net (fo=2, routed)           0.133     1.777    clk_en0/sig_count_reg[14]
    SLICE_X0Y31          CARRY4 (Prop_carry4_S[2]_O[2])
                                                      0.111     1.888 r  clk_en0/sig_count_reg[12]_i_1/O[2]
                         net (fo=1, routed)           0.000     1.888    clk_en0/sig_count_reg[12]_i_1_n_5
    SLICE_X0Y31          FDRE                                         r  clk_en0/sig_count_reg[14]/D
  -------------------------------------------------------------------    -------------------

                         (clock sys_clk_pin rise edge)
                                                      0.000     0.000 r  
    E3                                                0.000     0.000 r  CLK100MHZ (IN)
                         net (fo=0)                   0.000     0.000    CLK100MHZ
    E3                   IBUF (Prop_ibuf_I_O)         0.445     0.445 r  CLK100MHZ_IBUF_inst/O
                         net (fo=1, routed)           0.685     1.129    CLK100MHZ_IBUF
    BUFGCTRL_X0Y16       BUFG (Prop_bufg_I_O)         0.029     1.158 r  CLK100MHZ_IBUF_BUFG_inst/O
                         net (fo=29, routed)          0.859     2.017    clk_en0/CLK100MHZ
    SLICE_X0Y31          FDRE                                         r  clk_en0/sig_count_reg[14]/C
                         clock pessimism             -0.514     1.503    
    SLICE_X0Y31          FDRE (Hold_fdre_C_D)         0.105     1.608    clk_en0/sig_count_reg[14]
  -------------------------------------------------------------------
                         required time                         -1.608    
                         arrival time                           1.888    
  -------------------------------------------------------------------
                         slack                                  0.280    

Slack (MET) :             0.280ns  (arrival time - required time)
  Source:                 clk_en0/sig_count_reg[10]/C
                            (rising edge-triggered cell FDRE clocked by sys_clk_pin  {rise@0.000ns fall@5.000ns period=10.000ns})
  Destination:            clk_en0/sig_count_reg[10]/D
                            (rising edge-triggered cell FDRE clocked by sys_clk_pin  {rise@0.000ns fall@5.000ns period=10.000ns})
  Path Group:             sys_clk_pin
  Path Type:              Hold (Min at Fast Process Corner)
  Requirement:            0.000ns  (sys_clk_pin rise@0.000ns - sys_clk_pin rise@0.000ns)
  Data Path Delay:        0.385ns  (logic 0.252ns (65.529%)  route 0.133ns (34.471%))
  Logic Levels:           1  (CARRY4=1)
  Clock Path Skew:        0.000ns (DCD - SCD - CPR)
    Destination Clock Delay (DCD):    2.016ns
    Source Clock Delay      (SCD):    1.502ns
    Clock Pessimism Removal (CPR):    0.514ns

    Location             Delay type                Incr(ns)  Path(ns)    Netlist Resource(s)
  -------------------------------------------------------------------    -------------------
                         (clock sys_clk_pin rise edge)
                                                      0.000     0.000 r  
    E3                                                0.000     0.000 r  CLK100MHZ (IN)
                         net (fo=0)                   0.000     0.000    CLK100MHZ
    E3                   IBUF (Prop_ibuf_I_O)         0.257     0.257 r  CLK100MHZ_IBUF_inst/O
                         net (fo=1, routed)           0.631     0.888    CLK100MHZ_IBUF
    BUFGCTRL_X0Y16       BUFG (Prop_bufg_I_O)         0.026     0.914 r  CLK100MHZ_IBUF_BUFG_inst/O
                         net (fo=29, routed)          0.589     1.502    clk_en0/CLK100MHZ
    SLICE_X0Y30          FDRE                                         r  clk_en0/sig_count_reg[10]/C
  -------------------------------------------------------------------    -------------------
    SLICE_X0Y30          FDRE (Prop_fdre_C_Q)         0.141     1.643 r  clk_en0/sig_count_reg[10]/Q
                         net (fo=2, routed)           0.133     1.776    clk_en0/sig_count_reg[10]
    SLICE_X0Y30          CARRY4 (Prop_carry4_S[2]_O[2])
                                                      0.111     1.887 r  clk_en0/sig_count_reg[8]_i_1/O[2]
                         net (fo=1, routed)           0.000     1.887    clk_en0/sig_count_reg[8]_i_1_n_5
    SLICE_X0Y30          FDRE                                         r  clk_en0/sig_count_reg[10]/D
  -------------------------------------------------------------------    -------------------

                         (clock sys_clk_pin rise edge)
                                                      0.000     0.000 r  
    E3                                                0.000     0.000 r  CLK100MHZ (IN)
                         net (fo=0)                   0.000     0.000    CLK100MHZ
    E3                   IBUF (Prop_ibuf_I_O)         0.445     0.445 r  CLK100MHZ_IBUF_inst/O
                         net (fo=1, routed)           0.685     1.129    CLK100MHZ_IBUF
    BUFGCTRL_X0Y16       BUFG (Prop_bufg_I_O)         0.029     1.158 r  CLK100MHZ_IBUF_BUFG_inst/O
                         net (fo=29, routed)          0.858     2.016    clk_en0/CLK100MHZ
    SLICE_X0Y30          FDRE                                         r  clk_en0/sig_count_reg[10]/C
                         clock pessimism             -0.514     1.502    
    SLICE_X0Y30          FDRE (Hold_fdre_C_D)         0.105     1.607    clk_en0/sig_count_reg[10]
  -------------------------------------------------------------------
                         required time                         -1.607    
                         arrival time                           1.887    
  -------------------------------------------------------------------
                         slack                                  0.280    

Slack (MET) :             0.280ns  (arrival time - required time)
  Source:                 clk_en0/sig_count_reg[18]/C
                            (rising edge-triggered cell FDRE clocked by sys_clk_pin  {rise@0.000ns fall@5.000ns period=10.000ns})
  Destination:            clk_en0/sig_count_reg[18]/D
                            (rising edge-triggered cell FDRE clocked by sys_clk_pin  {rise@0.000ns fall@5.000ns period=10.000ns})
  Path Group:             sys_clk_pin
  Path Type:              Hold (Min at Fast Process Corner)
  Requirement:            0.000ns  (sys_clk_pin rise@0.000ns - sys_clk_pin rise@0.000ns)
  Data Path Delay:        0.385ns  (logic 0.252ns (65.529%)  route 0.133ns (34.471%))
  Logic Levels:           1  (CARRY4=1)
  Clock Path Skew:        0.000ns (DCD - SCD - CPR)
    Destination Clock Delay (DCD):    2.018ns
    Source Clock Delay      (SCD):    1.504ns
    Clock Pessimism Removal (CPR):    0.514ns

    Location             Delay type                Incr(ns)  Path(ns)    Netlist Resource(s)
  -------------------------------------------------------------------    -------------------
                         (clock sys_clk_pin rise edge)
                                                      0.000     0.000 r  
    E3                                                0.000     0.000 r  CLK100MHZ (IN)
                         net (fo=0)                   0.000     0.000    CLK100MHZ
    E3                   IBUF (Prop_ibuf_I_O)         0.257     0.257 r  CLK100MHZ_IBUF_inst/O
                         net (fo=1, routed)           0.631     0.888    CLK100MHZ_IBUF
    BUFGCTRL_X0Y16       BUFG (Prop_bufg_I_O)         0.026     0.914 r  CLK100MHZ_IBUF_BUFG_inst/O
                         net (fo=29, routed)          0.591     1.504    clk_en0/CLK100MHZ
    SLICE_X0Y32          FDRE                                         r  clk_en0/sig_count_reg[18]/C
  -------------------------------------------------------------------    -------------------
    SLICE_X0Y32          FDRE (Prop_fdre_C_Q)         0.141     1.645 r  clk_en0/sig_count_reg[18]/Q
                         net (fo=2, routed)           0.133     1.778    clk_en0/sig_count_reg[18]
    SLICE_X0Y32          CARRY4 (Prop_carry4_S[2]_O[2])
                                                      0.111     1.889 r  clk_en0/sig_count_reg[16]_i_1/O[2]
                         net (fo=1, routed)           0.000     1.889    clk_en0/sig_count_reg[16]_i_1_n_5
    SLICE_X0Y32          FDRE                                         r  clk_en0/sig_count_reg[18]/D
  -------------------------------------------------------------------    -------------------

                         (clock sys_clk_pin rise edge)
                                                      0.000     0.000 r  
    E3                                                0.000     0.000 r  CLK100MHZ (IN)
                         net (fo=0)                   0.000     0.000    CLK100MHZ
    E3                   IBUF (Prop_ibuf_I_O)         0.445     0.445 r  CLK100MHZ_IBUF_inst/O
                         net (fo=1, routed)           0.685     1.129    CLK100MHZ_IBUF
    BUFGCTRL_X0Y16       BUFG (Prop_bufg_I_O)         0.029     1.158 r  CLK100MHZ_IBUF_BUFG_inst/O
                         net (fo=29, routed)          0.860     2.018    clk_en0/CLK100MHZ
    SLICE_X0Y32          FDRE                                         r  clk_en0/sig_count_reg[18]/C
                         clock pessimism             -0.514     1.504    
    SLICE_X0Y32          FDRE (Hold_fdre_C_D)         0.105     1.609    clk_en0/sig_count_reg[18]
  -------------------------------------------------------------------
                         required time                         -1.609    
                         arrival time                           1.889    
  -------------------------------------------------------------------
                         slack                                  0.280    

Slack (MET) :             0.280ns  (arrival time - required time)
  Source:                 clk_en0/sig_count_reg[2]/C
                            (rising edge-triggered cell FDRE clocked by sys_clk_pin  {rise@0.000ns fall@5.000ns period=10.000ns})
  Destination:            clk_en0/sig_count_reg[2]/D
                            (rising edge-triggered cell FDRE clocked by sys_clk_pin  {rise@0.000ns fall@5.000ns period=10.000ns})
  Path Group:             sys_clk_pin
  Path Type:              Hold (Min at Fast Process Corner)
  Requirement:            0.000ns  (sys_clk_pin rise@0.000ns - sys_clk_pin rise@0.000ns)
  Data Path Delay:        0.385ns  (logic 0.252ns (65.465%)  route 0.133ns (34.535%))
  Logic Levels:           1  (CARRY4=1)
  Clock Path Skew:        0.000ns (DCD - SCD - CPR)
    Destination Clock Delay (DCD):    2.014ns
    Source Clock Delay      (SCD):    1.500ns
    Clock Pessimism Removal (CPR):    0.514ns

    Location             Delay type                Incr(ns)  Path(ns)    Netlist Resource(s)
  -------------------------------------------------------------------    -------------------
                         (clock sys_clk_pin rise edge)
                                                      0.000     0.000 r  
    E3                                                0.000     0.000 r  CLK100MHZ (IN)
                         net (fo=0)                   0.000     0.000    CLK100MHZ
    E3                   IBUF (Prop_ibuf_I_O)         0.257     0.257 r  CLK100MHZ_IBUF_inst/O
                         net (fo=1, routed)           0.631     0.888    CLK100MHZ_IBUF
    BUFGCTRL_X0Y16       BUFG (Prop_bufg_I_O)         0.026     0.914 r  CLK100MHZ_IBUF_BUFG_inst/O
                         net (fo=29, routed)          0.587     1.500    clk_en0/CLK100MHZ
    SLICE_X0Y28          FDRE                                         r  clk_en0/sig_count_reg[2]/C
  -------------------------------------------------------------------    -------------------
    SLICE_X0Y28          FDRE (Prop_fdre_C_Q)         0.141     1.641 r  clk_en0/sig_count_reg[2]/Q
                         net (fo=2, routed)           0.133     1.774    clk_en0/sig_count_reg[2]
    SLICE_X0Y28          CARRY4 (Prop_carry4_S[2]_O[2])
                                                      0.111     1.885 r  clk_en0/sig_count_reg[0]_i_2/O[2]
                         net (fo=1, routed)           0.000     1.885    clk_en0/sig_count_reg[0]_i_2_n_5
    SLICE_X0Y28          FDRE                                         r  clk_en0/sig_count_reg[2]/D
  -------------------------------------------------------------------    -------------------

                         (clock sys_clk_pin rise edge)
                                                      0.000     0.000 r  
    E3                                                0.000     0.000 r  CLK100MHZ (IN)
                         net (fo=0)                   0.000     0.000    CLK100MHZ
    E3                   IBUF (Prop_ibuf_I_O)         0.445     0.445 r  CLK100MHZ_IBUF_inst/O
                         net (fo=1, routed)           0.685     1.129    CLK100MHZ_IBUF
    BUFGCTRL_X0Y16       BUFG (Prop_bufg_I_O)         0.029     1.158 r  CLK100MHZ_IBUF_BUFG_inst/O
                         net (fo=29, routed)          0.856     2.014    clk_en0/CLK100MHZ
    SLICE_X0Y28          FDRE                                         r  clk_en0/sig_count_reg[2]/C
                         clock pessimism             -0.514     1.500    
    SLICE_X0Y28          FDRE (Hold_fdre_C_D)         0.105     1.605    clk_en0/sig_count_reg[2]
  -------------------------------------------------------------------
                         required time                         -1.605    
                         arrival time                           1.885    
  -------------------------------------------------------------------
                         slack                                  0.280    

Slack (MET) :             0.281ns  (arrival time - required time)
  Source:                 clk_en0/sig_count_reg[6]/C
                            (rising edge-triggered cell FDRE clocked by sys_clk_pin  {rise@0.000ns fall@5.000ns period=10.000ns})
  Destination:            clk_en0/sig_count_reg[6]/D
                            (rising edge-triggered cell FDRE clocked by sys_clk_pin  {rise@0.000ns fall@5.000ns period=10.000ns})
  Path Group:             sys_clk_pin
  Path Type:              Hold (Min at Fast Process Corner)
  Requirement:            0.000ns  (sys_clk_pin rise@0.000ns - sys_clk_pin rise@0.000ns)
  Data Path Delay:        0.386ns  (logic 0.252ns (65.354%)  route 0.134ns (34.646%))
  Logic Levels:           1  (CARRY4=1)
  Clock Path Skew:        0.000ns (DCD - SCD - CPR)
    Destination Clock Delay (DCD):    2.015ns
    Source Clock Delay      (SCD):    1.501ns
    Clock Pessimism Removal (CPR):    0.514ns

    Location             Delay type                Incr(ns)  Path(ns)    Netlist Resource(s)
  -------------------------------------------------------------------    -------------------
                         (clock sys_clk_pin rise edge)
                                                      0.000     0.000 r  
    E3                                                0.000     0.000 r  CLK100MHZ (IN)
                         net (fo=0)                   0.000     0.000    CLK100MHZ
    E3                   IBUF (Prop_ibuf_I_O)         0.257     0.257 r  CLK100MHZ_IBUF_inst/O
                         net (fo=1, routed)           0.631     0.888    CLK100MHZ_IBUF
    BUFGCTRL_X0Y16       BUFG (Prop_bufg_I_O)         0.026     0.914 r  CLK100MHZ_IBUF_BUFG_inst/O
                         net (fo=29, routed)          0.588     1.501    clk_en0/CLK100MHZ
    SLICE_X0Y29          FDRE                                         r  clk_en0/sig_count_reg[6]/C
  -------------------------------------------------------------------    -------------------
    SLICE_X0Y29          FDRE (Prop_fdre_C_Q)         0.141     1.642 r  clk_en0/sig_count_reg[6]/Q
                         net (fo=2, routed)           0.134     1.776    clk_en0/sig_count_reg[6]
    SLICE_X0Y29          CARRY4 (Prop_carry4_S[2]_O[2])
                                                      0.111     1.887 r  clk_en0/sig_count_reg[4]_i_1/O[2]
                         net (fo=1, routed)           0.000     1.887    clk_en0/sig_count_reg[4]_i_1_n_5
    SLICE_X0Y29          FDRE                                         r  clk_en0/sig_count_reg[6]/D
  -------------------------------------------------------------------    -------------------

                         (clock sys_clk_pin rise edge)
                                                      0.000     0.000 r  
    E3                                                0.000     0.000 r  CLK100MHZ (IN)
                         net (fo=0)                   0.000     0.000    CLK100MHZ
    E3                   IBUF (Prop_ibuf_I_O)         0.445     0.445 r  CLK100MHZ_IBUF_inst/O
                         net (fo=1, routed)           0.685     1.129    CLK100MHZ_IBUF
    BUFGCTRL_X0Y16       BUFG (Prop_bufg_I_O)         0.029     1.158 r  CLK100MHZ_IBUF_BUFG_inst/O
                         net (fo=29, routed)          0.857     2.015    clk_en0/CLK100MHZ
    SLICE_X0Y29          FDRE                                         r  clk_en0/sig_count_reg[6]/C
                         clock pessimism             -0.514     1.501    
    SLICE_X0Y29          FDRE (Hold_fdre_C_D)         0.105     1.606    clk_en0/sig_count_reg[6]
  -------------------------------------------------------------------
                         required time                         -1.606    
                         arrival time                           1.887    
  -------------------------------------------------------------------
                         slack                                  0.281    

Slack (MET) :             0.281ns  (arrival time - required time)
  Source:                 clk_en0/sig_count_reg[22]/C
                            (rising edge-triggered cell FDRE clocked by sys_clk_pin  {rise@0.000ns fall@5.000ns period=10.000ns})
  Destination:            clk_en0/sig_count_reg[22]/D
                            (rising edge-triggered cell FDRE clocked by sys_clk_pin  {rise@0.000ns fall@5.000ns period=10.000ns})
  Path Group:             sys_clk_pin
  Path Type:              Hold (Min at Fast Process Corner)
  Requirement:            0.000ns  (sys_clk_pin rise@0.000ns - sys_clk_pin rise@0.000ns)
  Data Path Delay:        0.386ns  (logic 0.252ns (65.354%)  route 0.134ns (34.646%))
  Logic Levels:           1  (CARRY4=1)
  Clock Path Skew:        0.000ns (DCD - SCD - CPR)
    Destination Clock Delay (DCD):    2.019ns
    Source Clock Delay      (SCD):    1.505ns
    Clock Pessimism Removal (CPR):    0.514ns

    Location             Delay type                Incr(ns)  Path(ns)    Netlist Resource(s)
  -------------------------------------------------------------------    -------------------
                         (clock sys_clk_pin rise edge)
                                                      0.000     0.000 r  
    E3                                                0.000     0.000 r  CLK100MHZ (IN)
                         net (fo=0)                   0.000     0.000    CLK100MHZ
    E3                   IBUF (Prop_ibuf_I_O)         0.257     0.257 r  CLK100MHZ_IBUF_inst/O
                         net (fo=1, routed)           0.631     0.888    CLK100MHZ_IBUF
    BUFGCTRL_X0Y16       BUFG (Prop_bufg_I_O)         0.026     0.914 r  CLK100MHZ_IBUF_BUFG_inst/O
                         net (fo=29, routed)          0.592     1.505    clk_en0/CLK100MHZ
    SLICE_X0Y33          FDRE                                         r  clk_en0/sig_count_reg[22]/C
  -------------------------------------------------------------------    -------------------
    SLICE_X0Y33          FDRE (Prop_fdre_C_Q)         0.141     1.646 r  clk_en0/sig_count_reg[22]/Q
                         net (fo=2, routed)           0.134     1.780    clk_en0/sig_count_reg[22]
    SLICE_X0Y33          CARRY4 (Prop_carry4_S[2]_O[2])
                                                      0.111     1.891 r  clk_en0/sig_count_reg[20]_i_1/O[2]
                         net (fo=1, routed)           0.000     1.891    clk_en0/sig_count_reg[20]_i_1_n_5
    SLICE_X0Y33          FDRE                                         r  clk_en0/sig_count_reg[22]/D
  -------------------------------------------------------------------    -------------------

                         (clock sys_clk_pin rise edge)
                                                      0.000     0.000 r  
    E3                                                0.000     0.000 r  CLK100MHZ (IN)
                         net (fo=0)                   0.000     0.000    CLK100MHZ
    E3                   IBUF (Prop_ibuf_I_O)         0.445     0.445 r  CLK100MHZ_IBUF_inst/O
                         net (fo=1, routed)           0.685     1.129    CLK100MHZ_IBUF
    BUFGCTRL_X0Y16       BUFG (Prop_bufg_I_O)         0.029     1.158 r  CLK100MHZ_IBUF_BUFG_inst/O
                         net (fo=29, routed)          0.861     2.019    clk_en0/CLK100MHZ
    SLICE_X0Y33          FDRE                                         r  clk_en0/sig_count_reg[22]/C
                         clock pessimism             -0.514     1.505    
    SLICE_X0Y33          FDRE (Hold_fdre_C_D)         0.105     1.610    clk_en0/sig_count_reg[22]
  -------------------------------------------------------------------
                         required time                         -1.610    
                         arrival time                           1.891    
  -------------------------------------------------------------------
                         slack                                  0.281    

Slack (MET) :             0.313ns  (arrival time - required time)
  Source:                 clk_en0/sig_count_reg[10]/C
                            (rising edge-triggered cell FDRE clocked by sys_clk_pin  {rise@0.000ns fall@5.000ns period=10.000ns})
  Destination:            clk_en0/sig_count_reg[11]/D
                            (rising edge-triggered cell FDRE clocked by sys_clk_pin  {rise@0.000ns fall@5.000ns period=10.000ns})
  Path Group:             sys_clk_pin
  Path Type:              Hold (Min at Fast Process Corner)
  Requirement:            0.000ns  (sys_clk_pin rise@0.000ns - sys_clk_pin rise@0.000ns)
  Data Path Delay:        0.418ns  (logic 0.285ns (68.254%)  route 0.133ns (31.747%))
  Logic Levels:           1  (CARRY4=1)
  Clock Path Skew:        0.000ns (DCD - SCD - CPR)
    Destination Clock Delay (DCD):    2.016ns
    Source Clock Delay      (SCD):    1.502ns
    Clock Pessimism Removal (CPR):    0.514ns

    Location             Delay type                Incr(ns)  Path(ns)    Netlist Resource(s)
  -------------------------------------------------------------------    -------------------
                         (clock sys_clk_pin rise edge)
                                                      0.000     0.000 r  
    E3                                                0.000     0.000 r  CLK100MHZ (IN)
                         net (fo=0)                   0.000     0.000    CLK100MHZ
    E3                   IBUF (Prop_ibuf_I_O)         0.257     0.257 r  CLK100MHZ_IBUF_inst/O
                         net (fo=1, routed)           0.631     0.888    CLK100MHZ_IBUF
    BUFGCTRL_X0Y16       BUFG (Prop_bufg_I_O)         0.026     0.914 r  CLK100MHZ_IBUF_BUFG_inst/O
                         net (fo=29, routed)          0.589     1.502    clk_en0/CLK100MHZ
    SLICE_X0Y30          FDRE                                         r  clk_en0/sig_count_reg[10]/C
  -------------------------------------------------------------------    -------------------
    SLICE_X0Y30          FDRE (Prop_fdre_C_Q)         0.141     1.643 r  clk_en0/sig_count_reg[10]/Q
                         net (fo=2, routed)           0.133     1.776    clk_en0/sig_count_reg[10]
    SLICE_X0Y30          CARRY4 (Prop_carry4_S[2]_O[3])
                                                      0.144     1.920 r  clk_en0/sig_count_reg[8]_i_1/O[3]
                         net (fo=1, routed)           0.000     1.920    clk_en0/sig_count_reg[8]_i_1_n_4
    SLICE_X0Y30          FDRE                                         r  clk_en0/sig_count_reg[11]/D
  -------------------------------------------------------------------    -------------------

                         (clock sys_clk_pin rise edge)
                                                      0.000     0.000 r  
    E3                                                0.000     0.000 r  CLK100MHZ (IN)
                         net (fo=0)                   0.000     0.000    CLK100MHZ
    E3                   IBUF (Prop_ibuf_I_O)         0.445     0.445 r  CLK100MHZ_IBUF_inst/O
                         net (fo=1, routed)           0.685     1.129    CLK100MHZ_IBUF
    BUFGCTRL_X0Y16       BUFG (Prop_bufg_I_O)         0.029     1.158 r  CLK100MHZ_IBUF_BUFG_inst/O
                         net (fo=29, routed)          0.858     2.016    clk_en0/CLK100MHZ
    SLICE_X0Y30          FDRE                                         r  clk_en0/sig_count_reg[11]/C
                         clock pessimism             -0.514     1.502    
    SLICE_X0Y30          FDRE (Hold_fdre_C_D)         0.105     1.607    clk_en0/sig_count_reg[11]
  -------------------------------------------------------------------
                         required time                         -1.607    
                         arrival time                           1.920    
  -------------------------------------------------------------------
                         slack                                  0.313    

Slack (MET) :             0.313ns  (arrival time - required time)
  Source:                 clk_en0/sig_count_reg[14]/C
                            (rising edge-triggered cell FDRE clocked by sys_clk_pin  {rise@0.000ns fall@5.000ns period=10.000ns})
  Destination:            clk_en0/sig_count_reg[15]/D
                            (rising edge-triggered cell FDRE clocked by sys_clk_pin  {rise@0.000ns fall@5.000ns period=10.000ns})
  Path Group:             sys_clk_pin
  Path Type:              Hold (Min at Fast Process Corner)
  Requirement:            0.000ns  (sys_clk_pin rise@0.000ns - sys_clk_pin rise@0.000ns)
  Data Path Delay:        0.418ns  (logic 0.285ns (68.253%)  route 0.133ns (31.747%))
  Logic Levels:           1  (CARRY4=1)
  Clock Path Skew:        0.000ns (DCD - SCD - CPR)
    Destination Clock Delay (DCD):    2.017ns
    Source Clock Delay      (SCD):    1.503ns
    Clock Pessimism Removal (CPR):    0.514ns

    Location             Delay type                Incr(ns)  Path(ns)    Netlist Resource(s)
  -------------------------------------------------------------------    -------------------
                         (clock sys_clk_pin rise edge)
                                                      0.000     0.000 r  
    E3                                                0.000     0.000 r  CLK100MHZ (IN)
                         net (fo=0)                   0.000     0.000    CLK100MHZ
    E3                   IBUF (Prop_ibuf_I_O)         0.257     0.257 r  CLK100MHZ_IBUF_inst/O
                         net (fo=1, routed)           0.631     0.888    CLK100MHZ_IBUF
    BUFGCTRL_X0Y16       BUFG (Prop_bufg_I_O)         0.026     0.914 r  CLK100MHZ_IBUF_BUFG_inst/O
                         net (fo=29, routed)          0.590     1.503    clk_en0/CLK100MHZ
    SLICE_X0Y31          FDRE                                         r  clk_en0/sig_count_reg[14]/C
  -------------------------------------------------------------------    -------------------
    SLICE_X0Y31          FDRE (Prop_fdre_C_Q)         0.141     1.644 r  clk_en0/sig_count_reg[14]/Q
                         net (fo=2, routed)           0.133     1.777    clk_en0/sig_count_reg[14]
    SLICE_X0Y31          CARRY4 (Prop_carry4_S[2]_O[3])
                                                      0.144     1.921 r  clk_en0/sig_count_reg[12]_i_1/O[3]
                         net (fo=1, routed)           0.000     1.921    clk_en0/sig_count_reg[12]_i_1_n_4
    SLICE_X0Y31          FDRE                                         r  clk_en0/sig_count_reg[15]/D
  -------------------------------------------------------------------    -------------------

                         (clock sys_clk_pin rise edge)
                                                      0.000     0.000 r  
    E3                                                0.000     0.000 r  CLK100MHZ (IN)
                         net (fo=0)                   0.000     0.000    CLK100MHZ
    E3                   IBUF (Prop_ibuf_I_O)         0.445     0.445 r  CLK100MHZ_IBUF_inst/O
                         net (fo=1, routed)           0.685     1.129    CLK100MHZ_IBUF
    BUFGCTRL_X0Y16       BUFG (Prop_bufg_I_O)         0.029     1.158 r  CLK100MHZ_IBUF_BUFG_inst/O
                         net (fo=29, routed)          0.859     2.017    clk_en0/CLK100MHZ
    SLICE_X0Y31          FDRE                                         r  clk_en0/sig_count_reg[15]/C
                         clock pessimism             -0.514     1.503    
    SLICE_X0Y31          FDRE (Hold_fdre_C_D)         0.105     1.608    clk_en0/sig_count_reg[15]
  -------------------------------------------------------------------
                         required time                         -1.608    
                         arrival time                           1.921    
  -------------------------------------------------------------------
                         slack                                  0.313    

Slack (MET) :             0.313ns  (arrival time - required time)
  Source:                 clk_en0/sig_count_reg[18]/C
                            (rising edge-triggered cell FDRE clocked by sys_clk_pin  {rise@0.000ns fall@5.000ns period=10.000ns})
  Destination:            clk_en0/sig_count_reg[19]/D
                            (rising edge-triggered cell FDRE clocked by sys_clk_pin  {rise@0.000ns fall@5.000ns period=10.000ns})
  Path Group:             sys_clk_pin
  Path Type:              Hold (Min at Fast Process Corner)
  Requirement:            0.000ns  (sys_clk_pin rise@0.000ns - sys_clk_pin rise@0.000ns)
  Data Path Delay:        0.418ns  (logic 0.285ns (68.253%)  route 0.133ns (31.747%))
  Logic Levels:           1  (CARRY4=1)
  Clock Path Skew:        0.000ns (DCD - SCD - CPR)
    Destination Clock Delay (DCD):    2.018ns
    Source Clock Delay      (SCD):    1.504ns
    Clock Pessimism Removal (CPR):    0.514ns

    Location             Delay type                Incr(ns)  Path(ns)    Netlist Resource(s)
  -------------------------------------------------------------------    -------------------
                         (clock sys_clk_pin rise edge)
                                                      0.000     0.000 r  
    E3                                                0.000     0.000 r  CLK100MHZ (IN)
                         net (fo=0)                   0.000     0.000    CLK100MHZ
    E3                   IBUF (Prop_ibuf_I_O)         0.257     0.257 r  CLK100MHZ_IBUF_inst/O
                         net (fo=1, routed)           0.631     0.888    CLK100MHZ_IBUF
    BUFGCTRL_X0Y16       BUFG (Prop_bufg_I_O)         0.026     0.914 r  CLK100MHZ_IBUF_BUFG_inst/O
                         net (fo=29, routed)          0.591     1.504    clk_en0/CLK100MHZ
    SLICE_X0Y32          FDRE                                         r  clk_en0/sig_count_reg[18]/C
  -------------------------------------------------------------------    -------------------
    SLICE_X0Y32          FDRE (Prop_fdre_C_Q)         0.141     1.645 r  clk_en0/sig_count_reg[18]/Q
                         net (fo=2, routed)           0.133     1.778    clk_en0/sig_count_reg[18]
    SLICE_X0Y32          CARRY4 (Prop_carry4_S[2]_O[3])
                                                      0.144     1.922 r  clk_en0/sig_count_reg[16]_i_1/O[3]
                         net (fo=1, routed)           0.000     1.922    clk_en0/sig_count_reg[16]_i_1_n_4
    SLICE_X0Y32          FDRE                                         r  clk_en0/sig_count_reg[19]/D
  -------------------------------------------------------------------    -------------------

                         (clock sys_clk_pin rise edge)
                                                      0.000     0.000 r  
    E3                                                0.000     0.000 r  CLK100MHZ (IN)
                         net (fo=0)                   0.000     0.000    CLK100MHZ
    E3                   IBUF (Prop_ibuf_I_O)         0.445     0.445 r  CLK100MHZ_IBUF_inst/O
                         net (fo=1, routed)           0.685     1.129    CLK100MHZ_IBUF
    BUFGCTRL_X0Y16       BUFG (Prop_bufg_I_O)         0.029     1.158 r  CLK100MHZ_IBUF_BUFG_inst/O
                         net (fo=29, routed)          0.860     2.018    clk_en0/CLK100MHZ
    SLICE_X0Y32          FDRE                                         r  clk_en0/sig_count_reg[19]/C
                         clock pessimism             -0.514     1.504    
    SLICE_X0Y32          FDRE (Hold_fdre_C_D)         0.105     1.609    clk_en0/sig_count_reg[19]
  -------------------------------------------------------------------
                         required time                         -1.609    
                         arrival time                           1.922    
  -------------------------------------------------------------------
                         slack                                  0.313    

Slack (MET) :             0.313ns  (arrival time - required time)
  Source:                 clk_en0/sig_count_reg[2]/C
                            (rising edge-triggered cell FDRE clocked by sys_clk_pin  {rise@0.000ns fall@5.000ns period=10.000ns})
  Destination:            clk_en0/sig_count_reg[3]/D
                            (rising edge-triggered cell FDRE clocked by sys_clk_pin  {rise@0.000ns fall@5.000ns period=10.000ns})
  Path Group:             sys_clk_pin
  Path Type:              Hold (Min at Fast Process Corner)
  Requirement:            0.000ns  (sys_clk_pin rise@0.000ns - sys_clk_pin rise@0.000ns)
  Data Path Delay:        0.418ns  (logic 0.285ns (68.192%)  route 0.133ns (31.808%))
  Logic Levels:           1  (CARRY4=1)
  Clock Path Skew:        0.000ns (DCD - SCD - CPR)
    Destination Clock Delay (DCD):    2.014ns
    Source Clock Delay      (SCD):    1.500ns
    Clock Pessimism Removal (CPR):    0.514ns

    Location             Delay type                Incr(ns)  Path(ns)    Netlist Resource(s)
  -------------------------------------------------------------------    -------------------
                         (clock sys_clk_pin rise edge)
                                                      0.000     0.000 r  
    E3                                                0.000     0.000 r  CLK100MHZ (IN)
                         net (fo=0)                   0.000     0.000    CLK100MHZ
    E3                   IBUF (Prop_ibuf_I_O)         0.257     0.257 r  CLK100MHZ_IBUF_inst/O
                         net (fo=1, routed)           0.631     0.888    CLK100MHZ_IBUF
    BUFGCTRL_X0Y16       BUFG (Prop_bufg_I_O)         0.026     0.914 r  CLK100MHZ_IBUF_BUFG_inst/O
                         net (fo=29, routed)          0.587     1.500    clk_en0/CLK100MHZ
    SLICE_X0Y28          FDRE                                         r  clk_en0/sig_count_reg[2]/C
  -------------------------------------------------------------------    -------------------
    SLICE_X0Y28          FDRE (Prop_fdre_C_Q)         0.141     1.641 r  clk_en0/sig_count_reg[2]/Q
                         net (fo=2, routed)           0.133     1.774    clk_en0/sig_count_reg[2]
    SLICE_X0Y28          CARRY4 (Prop_carry4_S[2]_O[3])
                                                      0.144     1.918 r  clk_en0/sig_count_reg[0]_i_2/O[3]
                         net (fo=1, routed)           0.000     1.918    clk_en0/sig_count_reg[0]_i_2_n_4
    SLICE_X0Y28          FDRE                                         r  clk_en0/sig_count_reg[3]/D
  -------------------------------------------------------------------    -------------------

                         (clock sys_clk_pin rise edge)
                                                      0.000     0.000 r  
    E3                                                0.000     0.000 r  CLK100MHZ (IN)
                         net (fo=0)                   0.000     0.000    CLK100MHZ
    E3                   IBUF (Prop_ibuf_I_O)         0.445     0.445 r  CLK100MHZ_IBUF_inst/O
                         net (fo=1, routed)           0.685     1.129    CLK100MHZ_IBUF
    BUFGCTRL_X0Y16       BUFG (Prop_bufg_I_O)         0.029     1.158 r  CLK100MHZ_IBUF_BUFG_inst/O
                         net (fo=29, routed)          0.856     2.014    clk_en0/CLK100MHZ
    SLICE_X0Y28          FDRE                                         r  clk_en0/sig_count_reg[3]/C
                         clock pessimism             -0.514     1.500    
    SLICE_X0Y28          FDRE (Hold_fdre_C_D)         0.105     1.605    clk_en0/sig_count_reg[3]
  -------------------------------------------------------------------
                         required time                         -1.605    
                         arrival time                           1.918    
  -------------------------------------------------------------------
                         slack                                  0.313    





Pulse Width Checks
--------------------------------------------------------------------------------------
Clock Name:         sys_clk_pin
Waveform(ns):       { 0.000 5.000 }
Period(ns):         10.000
Sources:            { CLK100MHZ }

Check Type        Corner  Lib Pin  Reference Pin  Required(ns)  Actual(ns)  Slack(ns)  Location        Pin
Min Period        n/a     BUFG/I   n/a            2.155         10.000      7.845      BUFGCTRL_X0Y16  CLK100MHZ_IBUF_BUFG_inst/I
Min Period        n/a     FDRE/C   n/a            1.000         10.000      9.000      SLICE_X0Y28     clk_en0/sig_count_reg[0]/C
Min Period        n/a     FDRE/C   n/a            1.000         10.000      9.000      SLICE_X0Y30     clk_en0/sig_count_reg[10]/C
Min Period        n/a     FDRE/C   n/a            1.000         10.000      9.000      SLICE_X0Y30     clk_en0/sig_count_reg[11]/C
Min Period        n/a     FDRE/C   n/a            1.000         10.000      9.000      SLICE_X0Y31     clk_en0/sig_count_reg[12]/C
Min Period        n/a     FDRE/C   n/a            1.000         10.000      9.000      SLICE_X0Y31     clk_en0/sig_count_reg[13]/C
Min Period        n/a     FDRE/C   n/a            1.000         10.000      9.000      SLICE_X0Y31     clk_en0/sig_count_reg[14]/C
Min Period        n/a     FDRE/C   n/a            1.000         10.000      9.000      SLICE_X0Y31     clk_en0/sig_count_reg[15]/C
Min Period        n/a     FDRE/C   n/a            1.000         10.000      9.000      SLICE_X0Y32     clk_en0/sig_count_reg[16]/C
Min Period        n/a     FDRE/C   n/a            1.000         10.000      9.000      SLICE_X0Y32     clk_en0/sig_count_reg[17]/C
Low Pulse Width   Fast    FDRE/C   n/a            0.500         5.000       4.500      SLICE_X0Y32     clk_en0/sig_count_reg[16]/C
Low Pulse Width   Fast    FDRE/C   n/a            0.500         5.000       4.500      SLICE_X0Y32     clk_en0/sig_count_reg[17]/C
Low Pulse Width   Fast    FDRE/C   n/a            0.500         5.000       4.500      SLICE_X0Y32     clk_en0/sig_count_reg[18]/C
Low Pulse Width   Fast    FDRE/C   n/a            0.500         5.000       4.500      SLICE_X0Y32     clk_en0/sig_count_reg[19]/C
Low Pulse Width   Fast    FDRE/C   n/a            0.500         5.000       4.500      SLICE_X0Y30     clk_en0/sig_count_reg[10]/C
Low Pulse Width   Fast    FDRE/C   n/a            0.500         5.000       4.500      SLICE_X0Y30     clk_en0/sig_count_reg[11]/C
Low Pulse Width   Fast    FDRE/C   n/a            0.500         5.000       4.500      SLICE_X0Y31     clk_en0/sig_count_reg[12]/C
Low Pulse Width   Fast    FDRE/C   n/a            0.500         5.000       4.500      SLICE_X0Y31     clk_en0/sig_count_reg[13]/C
Low Pulse Width   Fast    FDRE/C   n/a            0.500         5.000       4.500      SLICE_X0Y31     clk_en0/sig_count_reg[14]/C
Low Pulse Width   Fast    FDRE/C   n/a            0.500         5.000       4.500      SLICE_X0Y31     clk_en0/sig_count_reg[15]/C
High Pulse Width  Slow    FDRE/C   n/a            0.500         5.000       4.500      SLICE_X0Y31     clk_en0/sig_count_reg[12]/C
High Pulse Width  Slow    FDRE/C   n/a            0.500         5.000       4.500      SLICE_X0Y31     clk_en0/sig_count_reg[13]/C
High Pulse Width  Slow    FDRE/C   n/a            0.500         5.000       4.500      SLICE_X0Y31     clk_en0/sig_count_reg[14]/C
High Pulse Width  Slow    FDRE/C   n/a            0.500         5.000       4.500      SLICE_X0Y31     clk_en0/sig_count_reg[15]/C
High Pulse Width  Slow    FDRE/C   n/a            0.500         5.000       4.500      SLICE_X1Y31     counter0/count_int_reg[0]/C
High Pulse Width  Slow    FDRE/C   n/a            0.500         5.000       4.500      SLICE_X1Y31     counter0/count_int_reg[1]/C
High Pulse Width  Slow    FDRE/C   n/a            0.500         5.000       4.500      SLICE_X1Y31     counter0/count_int_reg[2]/C
High Pulse Width  Slow    FDRE/C   n/a            0.500         5.000       4.500      SLICE_X0Y32     clk_en0/sig_count_reg[16]/C
High Pulse Width  Slow    FDRE/C   n/a            0.500         5.000       4.500      SLICE_X0Y32     clk_en0/sig_count_reg[17]/C
High Pulse Width  Slow    FDRE/C   n/a            0.500         5.000       4.500      SLICE_X0Y32     clk_en0/sig_count_reg[18]/C



